proguard/seeds.txt
com.cocobabys.activities.AboutUsActivity
com.cocobabys.activities.AboutUsActivity: AboutUsActivity()
com.cocobabys.activities.BaseEventFragmentActivity
com.cocobabys.activities.BaseEventFragmentActivity: BaseEventFragmentActivity()
com.cocobabys.activities.BaseEventFragmentActivity: void onCreate(android.os.Bundle)
com.cocobabys.activities.BaseEventFragmentActivity: void onDestroy()
com.cocobabys.activities.ChangePWDActivity
com.cocobabys.activities.ChangePWDActivity: ChangePWDActivity()
com.cocobabys.activities.ChatActivity
com.cocobabys.activities.ChatActivity: ChatActivity()
com.cocobabys.activities.ChildListActivity
com.cocobabys.activities.ChildListActivity: ChildListActivity()
com.cocobabys.activities.CookBookActivity
com.cocobabys.activities.CookBookActivity: CookBookActivity()
com.cocobabys.activities.CookBookActivity$2: long serialVersionUID
com.cocobabys.activities.CustomGalleryActivity
com.cocobabys.activities.CustomGalleryActivity: java.lang.String TAG
com.cocobabys.activities.CustomGalleryActivity: android.widget.GridView gridGallery
com.cocobabys.activities.CustomGalleryActivity: com.cocobabys.handler.MyHandler handler
com.cocobabys.activities.CustomGalleryActivity: com.cocobabys.adapter.CustomGalleryAdapter adapter
com.cocobabys.activities.CustomGalleryActivity: android.widget.ImageView imgNoMedia
com.cocobabys.activities.CustomGalleryActivity: android.widget.Button btnGalleryOk
com.cocobabys.activities.CustomGalleryActivity: com.jeremyfeinstein.slidingmenu.lib.SlidingMenu menu
com.cocobabys.activities.CustomGalleryActivity: int MAX_PICS_SHOW_IN_GALLERY
com.cocobabys.activities.CustomGalleryActivity: int UPDATE_UI
com.cocobabys.activities.CustomGalleryActivity: java.lang.String action
com.cocobabys.activities.CustomGalleryActivity: java.lang.String currentDir
com.cocobabys.activities.CustomGalleryActivity: com.nostra13.universalimageloader.core.ImageLoader imageLoader
com.cocobabys.activities.CustomGalleryActivity: java.util.ArrayList currentSelected
com.cocobabys.activities.CustomGalleryActivity: android.view.View$OnClickListener mOkClickListener
com.cocobabys.activities.CustomGalleryActivity: android.widget.AdapterView$OnItemClickListener mItemMulClickListener
com.cocobabys.activities.CustomGalleryActivity: android.widget.AdapterView$OnItemClickListener mItemSingleClickListener
com.cocobabys.activities.EducationActivity
com.cocobabys.activities.EducationActivity: EducationActivity()
com.cocobabys.activities.EducationActivity$1: long serialVersionUID
com.cocobabys.activities.ExpListActivity
com.cocobabys.activities.ExpListActivity: ExpListActivity()
com.cocobabys.activities.FeedBackActivity
com.cocobabys.activities.FeedBackActivity: FeedBackActivity()
com.cocobabys.activities.GrowthActivity
com.cocobabys.activities.GrowthActivity: GrowthActivity()
com.cocobabys.activities.GuideActivity
com.cocobabys.activities.GuideActivity: GuideActivity()
com.cocobabys.activities.HomeworkPullRefreshActivity
com.cocobabys.activities.HomeworkPullRefreshActivity: HomeworkPullRefreshActivity()
com.cocobabys.activities.LoadingActivity
com.cocobabys.activities.LoadingActivity: LoadingActivity()
com.cocobabys.activities.LoginActivity
com.cocobabys.activities.LoginActivity: LoginActivity()
com.cocobabys.activities.MainActivity
com.cocobabys.activities.MainActivity: MainActivity()
com.cocobabys.activities.MyActivity
com.cocobabys.activities.MyActivity: MyActivity()
com.cocobabys.activities.MyApplication
com.cocobabys.activities.MyApplication: MyApplication()
com.cocobabys.activities.NewCheckIconActivity
com.cocobabys.activities.NewCheckIconActivity: NewCheckIconActivity()
com.cocobabys.activities.NoticeActivity
com.cocobabys.activities.NoticeActivity: NoticeActivity()
com.cocobabys.activities.NoticePullRefreshActivity
com.cocobabys.activities.NoticePullRefreshActivity: NoticePullRefreshActivity()
com.cocobabys.activities.ResetPWDActivity
com.cocobabys.activities.ResetPWDActivity: ResetPWDActivity()
...
com.baidu.android.pushservice.PushSettings$1
com.baidu.android.pushservice.PushSettings$1: android.content.Context a
com.baidu.android.pushservice.PushSettings$1: boolean b
com.baidu.android.pushservice.PushSettings$1: PushSettings$1(android.content.Context,boolean)
com.baidu.android.pushservice.PushSettings$1: void run()
com.baidu.android.pushservice.aidl.IPushService
com.baidu.android.pushservice.aidl.IPushService: void subscribeLight(java.lang.String,java.lang.String,java.lang.String,com.baidu.android.pushservice.aidl.IPushServiceListener)
com.baidu.android.pushservice.aidl.IPushService: void unsubscribeLight(java.lang.String,java.lang.String,java.lang.String,com.baidu.android.pushservice.aidl.IPushServiceListener)
com.baidu.android.pushservice.aidl.IPushService: java.lang.String getSubcribedApps()
com.baidu.android.pushservice.aidl.IPushService: java.lang.String getSubscribedAppids()
com.baidu.android.pushservice.aidl.IPushService: java.lang.String getSubscribedAppinfos(java.lang.String)
com.baidu.android.pushservice.aidl.IPushService: java.lang.String getMsgs(java.lang.String,int,boolean,int,int)
com.baidu.android.pushservice.aidl.IPushService: int getUnreadMsgNumber(java.lang.String,int)
com.baidu.android.pushservice.aidl.IPushService: int setMsgRead(java.lang.String)
com.baidu.android.pushservice.aidl.IPushService: int setAllMsgRead(java.lang.String,int)
com.baidu.android.pushservice.aidl.IPushService: int deleteMsg(java.lang.String)
com.baidu.android.pushservice.aidl.IPushService: int deleteAllMsg(java.lang.String,int)
com.baidu.android.pushservice.aidl.IPushService: boolean register(java.lang.String,java.lang.String)
com.baidu.android.pushservice.aidl.IPushService: boolean updateBlacklist(java.lang.String,java.lang.String,int)
com.baidu.android.pushservice.aidl.IPushService$Stub
com.baidu.android.pushservice.aidl.IPushService$Stub: java.lang.String r
com.baidu.android.pushservice.aidl.IPushService$Stub: int a
com.baidu.android.pushservice.aidl.IPushService$Stub: int b
com.baidu.android.pushservice.aidl.IPushService$Stub: int c
com.baidu.android.pushservice.aidl.IPushService$Stub: int d
com.baidu.android.pushservice.aidl.IPushService$Stub: int e
com.baidu.android.pushservice.aidl.IPushService$Stub: int f
com.baidu.android.pushservice.aidl.IPushService$Stub: int g
com.baidu.android.pushservice.aidl.IPushService$Stub: int h
com.baidu.android.pushservice.aidl.IPushService$Stub: int i
com.baidu.android.pushservice.aidl.IPushService$Stub: int j
com.baidu.android.pushservice.aidl.IPushService$Stub: int k
com.baidu.android.pushservice.aidl.IPushService$Stub: int l
com.baidu.android.pushservice.aidl.IPushService$Stub: int m
com.baidu.android.pushservice.aidl.IPushService$Stub: int n
com.baidu.android.pushservice.aidl.IPushService$Stub: int o
com.baidu.android.pushservice.aidl.IPushService$Stub: int p
com.baidu.android.pushservice.aidl.IPushService$Stub: int q
com.baidu.android.pushservice.aidl.IPushService$Stub: IPushService$Stub()
com.baidu.android.pushservice.aidl.IPushService$Stub: com.baidu.android.pushservice.aidl.IPushService asInterface(android.os.IBinder)
com.baidu.android.pushservice.aidl.IPushService$Stub: android.os.IBinder asBinder()