proguard/mapping.txt
com.cocobabys.R -> com.cocobabys.a:
com.cocobabys.R$styleable -> com.cocobabys.b:
    int[] ProgressWheel -> a
    int[] RoundedImageView -> b
    int[] SlidingMenu -> c
    int[] switchbutton -> d
com.cocobabys.activities.AboutUsActivity -> com.cocobabys.activities.AboutUsActivity:
    void onCreate(android.os.Bundle) -> onCreate
    java.lang.String getVersionName() -> a
com.cocobabys.activities.ActivityHelper -> com.cocobabys.activities.a:
    void setBackKeyLitsenerOnTopbar(android.app.Activity,int) -> a
com.cocobabys.activities.ActivityHelper$1 -> com.cocobabys.activities.b:
    android.app.Activity val$activity -> a
    void onClick(android.view.View) -> onClick
com.cocobabys.activities.BaseEventFragmentActivity -> com.cocobabys.activities.BaseEventFragmentActivity:
    void onCreate(android.os.Bundle) -> onCreate
    void onDestroy() -> onDestroy
com.cocobabys.activities.ChangePWDActivity -> com.cocobabys.activities.ChangePWDActivity:
    android.os.Handler handler -> a
    android.app.ProgressDialog dialog -> b
    android.widget.EditText inputOldPwdView -> c
    android.widget.EditText inuputNewPWDView -> d
    android.widget.EditText reInuputNewPWDView -> e
    android.widget.Button changePWDBtn -> f
    void onCreate(android.os.Bundle) -> onCreate
    void clearInputView() -> a
    java.lang.String getNewPwd() -> b
    java.lang.String getOldPwd() -> c
    void access$0(com.cocobabys.activities.ChangePWDActivity) -> a
    boolean access$1(com.cocobabys.activities.ChangePWDActivity) -> b
    void access$2(com.cocobabys.activities.ChangePWDActivity) -> c
com.cocobabys.activities.ChangePWDActivity$1 -> com.cocobabys.activities.c:
    com.cocobabys.activities.ChangePWDActivity this$0 -> a
    void handleMessage(android.os.Message) -> handleMessage
com.cocobabys.activities.ChangePWDActivity$2 -> com.cocobabys.activities.d:
    com.cocobabys.activities.ChangePWDActivity this$0 -> a
    void onClick(android.view.View) -> onClick
com.cocobabys.activities.ChangePWDActivity$3 -> com.cocobabys.activities.e:
    com.cocobabys.activities.ChangePWDActivity this$0 -> a
    void onClick(android.content.DialogInterface,int) -> onClick
com.cocobabys.activities.ChatActivity -> com.cocobabys.activities.ChatActivity:
    android.app.ProgressDialog dialog -> a
    com.cocobabys.adapter.NewChatListAdapter adapter -> b
    com.cocobabys.customview.MsgListView msgListView -> c
    android.view.View footer -> d
    android.os.Handler myhandler -> e
    java.util.List chatlist -> f
    com.cocobabys.jobs.GetChatJob getChatJob -> g
    android.net.Uri uri -> h
    com.cocobabys.taskmgr.DownloadImgeJob downloadImgeJob -> i
    com.cocobabys.jobs.GetSenderInfoJob getTeacherInfoJob -> j
    java.lang.String childid -> k
    void onCreate(android.os.Bundle) -> onCreate
    void startToCheckIconActivity() -> b
    void onActivityResult(int,int,android.content.Intent) -> onActivityResult
    void startToSendChatActivity() -> a
    void onDestroy() -> onDestroy
    void onStop() -> onStop
    void moveToEndOfList() -> c
    boolean runGetChatTask(long,long,int) -> a
    boolean refreshTailImpl() -> d
    void handleSendChat() -> e
    void handleSuccess(android.os.Message) -> a
    void removeDuplicatieInfo(java.util.List) -> a
    boolean onCreateOptionsMenu(android.view.Menu) -> onCreateOptionsMenu
    boolean onOptionsItemSelected(android.view.MenuItem) -> onOptionsItemSelected
    com.cocobabys.jobs.GetChatJob access$0(com.cocobabys.activities.ChatActivity) -> a
    void access$1(com.cocobabys.activities.ChatActivity) -> b
    void access$2(com.cocobabys.activities.ChatActivity) -> c
com.cocobabys.activities.ChatActivity$1 -> com.cocobabys.activities.f:
    com.cocobabys.activities.ChatActivity this$0 -> a
    void execute() -> a
com.cocobabys.activities.ChatActivity$2 -> com.cocobabys.activities.g:
    com.cocobabys.activities.ChatActivity this$0 -> a
    void execute() -> a
...
com.baidu.frontia.api.FrontiaPushUtil -> com.baidu.frontia.api.FrontiaPushUtil:
com.baidu.frontia.api.FrontiaPushUtil$AndroidContent -> com.baidu.frontia.api.FrontiaPushUtil$AndroidContent:
    com.baidu.frontia.module.push.FrontiaPushUtilImpl$AndroidContentImpl a -> a
    com.baidu.frontia.module.push.FrontiaPushUtilImpl$AndroidContentImpl a() -> a
    void setBuilderId(int) -> setBuilderId
    int getBuilderId() -> getBuilderId
    void setPKGContent(java.lang.String) -> setPKGContent
    java.lang.String getPKGContent() -> getPKGContent
    void setUrl(java.lang.String) -> setUrl
    java.lang.String getUrl() -> getUrl
    void setNotificationStyle(com.baidu.frontia.api.FrontiaPushUtil$DefaultNotificationStyle) -> setNotificationStyle
    com.baidu.frontia.api.FrontiaPushUtil$DefaultNotificationStyle getNotificationStyle() -> getNotificationStyle
com.baidu.frontia.api.FrontiaPushUtil$DefaultNotificationStyle -> com.baidu.frontia.api.FrontiaPushUtil$DefaultNotificationStyle:
    com.baidu.frontia.module.push.FrontiaPushUtilImpl$DefaultNotificationStyleImpl a -> a
    com.baidu.frontia.module.push.FrontiaPushUtilImpl$DefaultNotificationStyleImpl a() -> a
    void enableAlert() -> enableAlert
    void disableAlert() -> disableAlert
    boolean isAlertEnabled() -> isAlertEnabled
    void enableVibration() -> enableVibration
    void disableVibration() -> disableVibration
    boolean isVibrationEnabled() -> isVibrationEnabled
    void enableDismissible() -> enableDismissible
    void disableDismissible() -> disableDismissible
    boolean isDismissible() -> isDismissible
com.baidu.frontia.api.FrontiaPushUtil$DeployStatus -> com.baidu.frontia.api.FrontiaPushUtil$DeployStatus:
    com.baidu.frontia.api.FrontiaPushUtil$DeployStatus DEVELOPE -> DEVELOPE
    com.baidu.frontia.api.FrontiaPushUtil$DeployStatus PRODUCTION -> PRODUCTION
    com.baidu.frontia.api.FrontiaPushUtil$DeployStatus[] a -> a
    com.baidu.frontia.api.FrontiaPushUtil$DeployStatus[] values() -> values
    com.baidu.frontia.api.FrontiaPushUtil$DeployStatus valueOf(java.lang.String) -> valueOf
com.baidu.frontia.api.FrontiaPushUtil$FrontiaPushBasicNotificationBuilder -> com.baidu.frontia.api.FrontiaPushUtil$FrontiaPushBasicNotificationBuilder:
    com.baidu.android.pushservice.internal.BasicPushNotificationBuilder a -> a
    com.baidu.android.pushservice.internal.PushNotificationBuilder a() -> a
    void setStatusbarIcon(int) -> setStatusbarIcon
    void setNotificationTitle(java.lang.String) -> setNotificationTitle
    void setNotificationText(java.lang.String) -> setNotificationText
    void setNotificationFlags(int) -> setNotificationFlags
    void setNotificationDefaults(int) -> setNotificationDefaults
    void setNotificationSound(android.net.Uri) -> setNotificationSound
    void setNotificationVibrate(long[]) -> setNotificationVibrate
com.baidu.frontia.api.FrontiaPushUtil$FrontiaPushCustomNotificationBuilder -> com.baidu.frontia.api.FrontiaPushUtil$FrontiaPushCustomNotificationBuilder:
    com.baidu.android.pushservice.internal.CustomPushNotificationBuilder a -> a
    com.baidu.android.pushservice.internal.PushNotificationBuilder a() -> a
    void setStatusbarIcon(int) -> setStatusbarIcon
    void setNotificationTitle(java.lang.String) -> setNotificationTitle
    void setNotificationText(java.lang.String) -> setNotificationText
    void setNotificationFlags(int) -> setNotificationFlags
    void setNotificationDefaults(int) -> setNotificationDefaults
    void setNotificationSound(android.net.Uri) -> setNotificationSound
    void setNotificationVibrate(long[]) -> setNotificationVibrate