proguard/usage.txt
com.cocobabys.BuildConfig
com.cocobabys.Manifest
com.cocobabys.Manifest$permission
com.cocobabys.R:
    10:10:public R()
com.cocobabys.R$anim
com.cocobabys.R$array
com.cocobabys.R$attr
com.cocobabys.R$color
com.cocobabys.R$dimen
com.cocobabys.R$drawable
com.cocobabys.R$id
com.cocobabys.R$layout
com.cocobabys.R$string
com.cocobabys.R$style
com.cocobabys.R$styleable:
    public static final int ProgressWheel_barColor
    public static final int ProgressWheel_barLength
    public static final int ProgressWheel_barWidth
    public static final int ProgressWheel_circleColor
    public static final int ProgressWheel_contourColor
    public static final int ProgressWheel_contourSize
    public static final int ProgressWheel_delayMillis
    public static final int ProgressWheel_radius
    public static final int ProgressWheel_rimColor
    public static final int ProgressWheel_rimWidth
    public static final int ProgressWheel_spinSpeed
    public static final int ProgressWheel_text
    public static final int ProgressWheel_textColor
    public static final int ProgressWheel_textSize
    public static final int RoundedImageView_android_scaleType
    public static final int RoundedImageView_border_color
    public static final int RoundedImageView_border_width
    public static final int RoundedImageView_corner_radius
    public static final int RoundedImageView_mutate_background
    public static final int RoundedImageView_oval
    public static final int SlidingMenu_behindOffset
    public static final int SlidingMenu_behindScrollScale
    public static final int SlidingMenu_behindWidth
    public static final int SlidingMenu_fadeDegree
    public static final int SlidingMenu_fadeEnabled
    public static final int SlidingMenu_mode
    public static final int SlidingMenu_selectorDrawable
com.cocobabys.activities.ActivityHelper:
    12:12:public ActivityHelper()
com.cocobabys.activities.ChatActivity:
    private static final int IMAGE_REQUEST_CODE
    private static final int CAMERA_REQUEST_CODE
    private static final int CHECK_ICON_CODE
    private static final int START_SEND_CHAT
    private static final java.lang.String TMP_BMP
com.cocobabys.activities.EducationActivity:
    private static final java.lang.String RANK
    private static final java.lang.String ITEM_IMAGE
    271:279:private void savaLatestData()
com.cocobabys.activities.ExpListActivity:
    private static final int CACHE_SIZE
com.cocobabys.activities.GrowthActivity:
    private static final int START_TO_EXP_LIST
com.cocobabys.activities.LoadingActivity:
    33:39:private void initData()
com.cocobabys.activities.MainActivity:
    private static final int CHECK_AD_DELAY_TIME
    private static final int CHECK_PUSH_DELAY_TIME
    private static final int FIRST_DELAY_TIME
    private static final java.lang.String TAB_TAG_LOCATION
    private static final java.lang.String TAB_TAG_NOTICE
    private static final java.lang.String TAB_TAG_SETTING
    private static final int TAB_WIDGET_HEIGHT
    233:233:public android.os.AsyncTask getUpdateTask()
com.cocobabys.activities.MyApplication:
    58:58:public java.util.concurrent.BlockingQueue getBlockingQueue()
    70:71:public void removeObserver(com.cocobabys.receiver.NotificationObserver)
    102:102:public java.util.List getTmpList()
    106:108:public void setTmpList(java.util.List)
...
u.aly.ak:
    private static final int L
    private static final int M
    private static final int N
    906:910:private void a(java.io.ObjectOutputStream)
    915:920:private void a(java.io.ObjectInputStream)
u.aly.al:
    private static final int n
    private static final int o
    private static final int p
    403:407:private void a(java.io.ObjectOutputStream)
    412:417:private void a(java.io.ObjectInputStream)
u.aly.am:
    private static final int j
    309:313:private void a(java.io.ObjectOutputStream)
    318:323:private void a(java.io.ObjectInputStream)
u.aly.ao:
    private static final int n
    private static final int o
    private static final int p
    401:405:private void a(java.io.ObjectOutputStream)
    410:415:private void a(java.io.ObjectInputStream)
u.aly.aq:
    private static final int l
    341:345:private void a(java.io.ObjectOutputStream)
    350:355:private void a(java.io.ObjectInputStream)
u.aly.ar:
    private static final int j
    private static final int k
    289:293:private void a(java.io.ObjectOutputStream)
    298:303:private void a(java.io.ObjectInputStream)
u.aly.as:
    339:343:private void a(java.io.ObjectOutputStream)
    347:351:private void a(java.io.ObjectInputStream)
u.aly.at:
    private static final int j
    320:324:private void a(java.io.ObjectOutputStream)
    329:334:private void a(java.io.ObjectInputStream)
u.aly.au:
    private static final int j
    293:297:private void a(java.io.ObjectOutputStream)
    302:307:private void a(java.io.ObjectInputStream)
u.aly.av:
    399:403:private void a(java.io.ObjectOutputStream)
    407:411:private void a(java.io.ObjectInputStream)
u.aly.aw:
    private static final int j
    private static final int k
    private static final int l
    283:287:private void a(java.io.ObjectOutputStream)
    292:297:private void a(java.io.ObjectInputStream)
u.aly.ax:
    private static final int z
    private static final int A
    private static final int B
    private static final int C
    647:651:private void a(java.io.ObjectOutputStream)
    656:661:private void a(java.io.ObjectInputStream)
u.aly.ay:
    private static final int h
    247:251:private void a(java.io.ObjectOutputStream)
    256:261:private void a(java.io.ObjectInputStream)
u.aly.az:
    335:339:private void a(java.io.ObjectOutputStream)
    344:348:private void a(java.io.ObjectInputStream)
u.aly.b:
    private static final java.lang.String a
u.aly.ba:
    private static final int h
    private static final int i
    241:245:private void a(java.io.ObjectOutputStream)
    250:255:private void a(java.io.ObjectInputStream)
u.aly.bb:
    private static final int j
    293:297:private void a(java.io.ObjectOutputStream)
    302:307:private void a(java.io.ObjectInputStream)
u.aly.bd:
    private static final int r
    private static final int s
    private static final int t
    510:514:private void a(java.io.ObjectOutputStream)
    519:524:private void a(java.io.ObjectInputStream)
u.aly.be:
    private static final int h
    private static final int i
    241:245:private void a(java.io.ObjectOutputStream)
    250:255:private void a(java.io.ObjectInputStream)
u.aly.bf:
    634:638:private void a(java.io.ObjectOutputStream)
    642:646:private void a(java.io.ObjectInputStream)
u.aly.bg:
    private static final int l
    344:348:private void a(java.io.ObjectOutputStream)
    353:358:private void a(java.io.ObjectInputStream)
u.aly.bh:
    private static final int v
    private static final int w
    private static final int x
    584:588:private void a(java.io.ObjectOutputStream)
    593:598:private void a(java.io.ObjectInputStream)